<?xml version="1.0" encoding="UTF-8"?>
<!-- Generated by org.testng.reporters.JUnitReportReporter -->
<testsuite skipped="0" hostname="SCPrWSAP22" name="com.jawwy.modules.Jawwy_Admin" tests="1" failures="0" timestamp="20 Mar 2019 08:44:49 GMT" time="18.855" errors="0">
  <testcase name="verify_ViaArabiaOrderSearch" time="18.855" classname="com.jawwy.modules.Jawwy_Admin"/>
</testsuite> <!-- com.jawwy.modules.Jawwy_Admin -->
