<?xml version="1.0" encoding="UTF-8"?>
<!-- Generated by org.testng.reporters.JUnitReportReporter -->
<testsuite skipped="0" hostname="SAPP-JW-Alfresco" name="com.jawwy.modules.Jawwy_ODC" tests="1" failures="0" timestamp="09 May 2019 08:18:56 GMT" time="13.533" errors="0">
  <testcase name="verify_Notification_TemplateID_SMS2" time="13.533" classname="com.jawwy.modules.Jawwy_ODC"/>
</testsuite> <!-- com.jawwy.modules.Jawwy_ODC -->
