<?xml version="1.0" encoding="UTF-8"?>
<!-- Generated by org.testng.reporters.JUnitReportReporter -->
<testsuite skipped="0" hostname="SAPP-JW-Alfresco" name="com.jawwy.modules.Jawwy_ViaArabia" tests="1" failures="0" timestamp="05 May 2019 17:05:19 GMT" time="42.187" errors="0">
  <testcase name="verify_ViaArabiaOrderSearch" time="42.187" classname="com.jawwy.modules.Jawwy_ViaArabia"/>
</testsuite> <!-- com.jawwy.modules.Jawwy_ViaArabia -->
