<?xml version="1.0" encoding="UTF-8"?>
<!-- Generated by org.testng.reporters.JUnitReportReporter -->
<testsuite skipped="0" hostname="SCPrWSAP22" name="com.jawwy.modules.Jawwy_RMS" tests="1" failures="0" timestamp="10 Apr 2019 13:40:55 GMT" time="29.864" errors="0">
  <testcase name="verify_RMS_SearchSIM_ICCID" time="29.864" classname="com.jawwy.modules.Jawwy_RMS"/>
</testsuite> <!-- com.jawwy.modules.Jawwy_RMS -->
