<?xml version="1.0" encoding="UTF-8"?>
<!-- Generated by org.testng.reporters.JUnitReportReporter -->
<testsuite skipped="0" hostname="SAPP-JW-Alfresco" name="com.jawwy.modules.Jawwy_OMS" tests="1" failures="0" timestamp="13 May 2019 08:36:40 GMT" time="28.557" errors="0">
  <testcase name="verify_Notification_Details_MSISDN_ActiveCheck" time="28.557" classname="com.jawwy.modules.Jawwy_OMS"/>
</testsuite> <!-- com.jawwy.modules.Jawwy_OMS -->
