<?xml version="1.0" encoding="UTF-8"?>
<!-- Generated by org.testng.reporters.JUnitReportReporter -->
<testsuite skipped="0" hostname="SAPP-JW-Alfresco" name="com.jawwy.modules.Jawwy_SugarCRM" tests="1" failures="0" timestamp="07 May 2019 07:32:44 GMT" time="21.829" errors="0">
  <testcase name="verify_SugarCRM_Tabs" time="21.829" classname="com.jawwy.modules.Jawwy_SugarCRM"/>
</testsuite> <!-- com.jawwy.modules.Jawwy_SugarCRM -->
